<?xml version="1.0" encoding="utf-8"?><testsuites name="pytest tests"><testsuite name="pytest" errors="0" failures="0" skipped="0" tests="8" time="1.217" timestamp="2026-06-02T21:52:18.180831+00:00" hostname="agent-env-b64a9ead-82ea-4b55-b8c2-213aa730156b"><testcase classname="backend.tests.backend_test.TestHealth" name="test_health_ok" time="0.319" /><testcase classname="backend.tests.backend_test.TestStats" name="test_stats_shape" time="0.068" /><testcase classname="backend.tests.backend_test.TestContact" name="test_contact_post_valid_and_persists" time="0.147" /><testcase classname="backend.tests.backend_test.TestContact" name="test_contact_post_invalid_email" time="0.069" /><testcase classname="backend.tests.backend_test.TestContact" name="test_contact_post_missing_fields" time="0.066" /><testcase classname="backend.tests.backend_test.TestContact" name="test_contact_get_ordering" time="0.204" /><testcase classname="backend.tests.backend_test.TestNewsletter" name="test_newsletter_subscribe_and_duplicate" time="0.147" /><testcase classname="backend.tests.backend_test.TestNewsletter" name="test_newsletter_invalid_email" time="0.066" /></testsuite></testsuites>